This is pdfTeX, Version 3.14159265-2.6-1.40.20 (TeX Live 2019/Debian) (preloaded format=pdflatex 2021.2.8)  27 FEB 2021 20:16
entering extended mode
 restricted \write18 enabled.
 file:line:error style messages enabled.
 %&-line parsing enabled.
**/home/zijie/Documents/2021Spring/513/Assignments/hw5/sol_hw5.tex
(/home/zijie/Documents/2021Spring/513/Assignments/hw5/sol_hw5.tex
LaTeX2e <2020-02-02> patch level 2
L3 programming layer <2020-02-14> (/usr/share/texlive/texmf-dist/tex/latex/base/article.cls
Document Class: article 2019/12/20 v1.4l Standard LaTeX document class
(/usr/share/texlive/texmf-dist/tex/latex/base/size10.clo
File: size10.clo 2019/12/20 v1.4l Standard LaTeX file (size option)
)
\c@part=\count167
\c@section=\count168
\c@subsection=\count169
\c@subsubsection=\count170
\c@paragraph=\count171
\c@subparagraph=\count172
\c@figure=\count173
\c@table=\count174
\abovecaptionskip=\skip47
\belowcaptionskip=\skip48
\bibindent=\dimen134
) (/usr/share/texlive/texmf-dist/tex/latex/base/inputenc.sty
Package: inputenc 2018/08/11 v1.3c Input encoding file
\inpenc@prehook=\toks14
\inpenc@posthook=\toks15
) (/usr/share/texlive/texmf-dist/tex/generic/babel/babel.sty
Package: babel 2020/02/14 3.40 The Babel package
 (/usr/share/texlive/texmf-dist/tex/generic/babel/switch.def
File: switch.def 2020/02/14 3.40 Babel switching mechanism
) (/usr/share/texlive/texmf-dist/tex/generic/babel-english/english.ldf
Language: english 2017/06/06 v3.3r English support from the babel system
 (/usr/share/texlive/texmf-dist/tex/generic/babel/babel.def
File: babel.def 2020/02/14 3.40 Babel common definitions
\babel@savecnt=\count175
\U@D=\dimen135
 (/usr/share/texlive/texmf-dist/tex/generic/babel/txtbabel.def)
\bbl@readstream=\read2
\bbl@dirlevel=\count176
)
Package babel Info: \l@canadian = using hyphenrules for english
(babel)             (\language0) on input line 102.
Package babel Info: \l@australian = using hyphenrules for ukenglish
(babel)             (\language20) on input line 105.
Package babel Info: \l@newzealand = using hyphenrules for ukenglish
(babel)             (\language20) on input line 108.
)) (/usr/share/texlive/texmf-dist/tex/latex/amscls/amsthm.sty
Package: amsthm 2017/10/31 v2.20.4
\thm@style=\toks16
\thm@bodyfont=\toks17
\thm@headfont=\toks18
\thm@notefont=\toks19
\thm@headpunct=\toks20
\thm@preskip=\skip49
\thm@postskip=\skip50
\thm@headsep=\skip51
\dth@everypar=\toks21
) (/usr/share/texlive/texmf-dist/tex/latex/amsfonts/amssymb.sty
Package: amssymb 2013/01/14 v3.01 AMS font symbols
 (/usr/share/texlive/texmf-dist/tex/latex/amsfonts/amsfonts.sty
Package: amsfonts 2013/01/14 v3.01 Basic AMSFonts support
\@emptytoks=\toks22
\symAMSa=\mathgroup4
\symAMSb=\mathgroup5
LaTeX Font Info:    Redeclaring math symbol \hbar on input line 98.
LaTeX Font Info:    Overwriting math alphabet `\mathfrak' in version `bold'
(Font)                  U/euf/m/n --> U/euf/b/n on input line 106.
)) (/usr/share/texlive/texmf-dist/tex/latex/amsmath/amsmath.sty
Package: amsmath 2020/01/20 v2.17e AMS math features
\@mathmargin=\skip52

For additional information on amsmath, use the `?' option.
(/usr/share/texlive/texmf-dist/tex/latex/amsmath/amstext.sty
Package: amstext 2000/06/29 v2.01 AMS text
 (/usr/share/texlive/texmf-dist/tex/latex/amsmath/amsgen.sty
File: amsgen.sty 1999/11/30 v2.0 generic functions
\@emptytoks=\toks23
\ex@=\dimen136
)) (/usr/share/texlive/texmf-dist/tex/latex/amsmath/amsbsy.sty
Package: amsbsy 1999/11/29 v1.2d Bold Symbols
\pmbraise@=\dimen137
) (/usr/share/texlive/texmf-dist/tex/latex/amsmath/amsopn.sty
Package: amsopn 2016/03/08 v2.02 operator names
)
\inf@bad=\count177
LaTeX Info: Redefining \frac on input line 227.
\uproot@=\count178
\leftroot@=\count179
LaTeX Info: Redefining \overline on input line 389.
\classnum@=\count180
\DOTSCASE@=\count181
LaTeX Info: Redefining \ldots on input line 486.
LaTeX Info: Redefining \dots on input line 489.
LaTeX Info: Redefining \cdots on input line 610.
\Mathstrutbox@=\box45
\strutbox@=\box46
\big@size=\dimen138
LaTeX Font Info:    Redeclaring font encoding OML on input line 733.
LaTeX Font Info:    Redeclaring font encoding OMS on input line 734.
\macc@depth=\count182
\c@MaxMatrixCols=\count183
\dotsspace@=\muskip16
\c@parentequation=\count184
\dspbrk@lvl=\count185
\tag@help=\toks24
\row@=\count186
\column@=\count187
\maxfields@=\count188
\andhelp@=\toks25
\eqnshift@=\dimen139
\alignsep@=\dimen140
\tagshift@=\dimen141
\tagwidth@=\dimen142
\totwidth@=\dimen143
\lineht@=\dimen144
\@envbody=\toks26
\multlinegap=\skip53
\multlinetaggap=\skip54
\mathdisplay@stack=\toks27
LaTeX Info: Redefining \[ on input line 2859.
LaTeX Info: Redefining \] on input line 2860.
) (/usr/share/texlive/texmf-dist/tex/latex/graphics/graphicx.sty
Package: graphicx 2019/11/30 v1.2a Enhanced LaTeX Graphics (DPC,SPQR)
 (/usr/share/texlive/texmf-dist/tex/latex/graphics/keyval.sty
Package: keyval 2014/10/28 v1.15 key=value parser (DPC)
\KV@toks@=\toks28
) (/usr/share/texlive/texmf-dist/tex/latex/graphics/graphics.sty
Package: graphics 2019/11/30 v1.4a Standard LaTeX Graphics (DPC,SPQR)
 (/usr/share/texlive/texmf-dist/tex/latex/graphics/trig.sty
Package: trig 2016/01/03 v1.10 sin cos tan (DPC)
) (/usr/share/texlive/texmf-dist/tex/latex/graphics-cfg/graphics.cfg
File: graphics.cfg 2016/06/04 v1.11 sample graphics configuration
)
Package graphics Info: Driver file: pdftex.def on input line 105.
 (/usr/share/texlive/texmf-dist/tex/latex/graphics-def/pdftex.def
File: pdftex.def 2018/01/08 v1.0l Graphics/color driver for pdftex
))
\Gin@req@height=\dimen145
\Gin@req@width=\dimen146
) (/usr/share/texlive/texmf-dist/tex/latex/listings/listings.sty
\lst@mode=\count189
\lst@gtempboxa=\box47
\lst@token=\toks29
\lst@length=\count190
\lst@currlwidth=\dimen147
\lst@column=\count191
\lst@pos=\count192
\lst@lostspace=\dimen148
\lst@width=\dimen149
\lst@newlines=\count193
\lst@lineno=\count194
\lst@maxwidth=\dimen150
 (/usr/share/texlive/texmf-dist/tex/latex/listings/lstmisc.sty
File: lstmisc.sty 2019/09/10 1.8c (Carsten Heinz)
\c@lstnumber=\count195
\lst@skipnumbers=\count196
\lst@framebox=\box48
) (/usr/share/texlive/texmf-dist/tex/latex/listings/listings.cfg
File: listings.cfg 2019/09/10 1.8c listings configuration
))
Package: listings 2019/09/10 1.8c (Carsten Heinz)
 (/usr/share/texlive/texmf-dist/tex/latex/pdfpages/pdfpages.sty
Package: pdfpages 2020/01/28 v0.5q Insert pages of external PDF documents (AM)
 (/usr/share/texlive/texmf-dist/tex/latex/base/ifthen.sty
Package: ifthen 2014/09/29 v1.1c Standard LaTeX ifthen package (DPC)
) (/usr/share/texlive/texmf-dist/tex/latex/tools/calc.sty
Package: calc 2017/05/25 v4.3 Infix arithmetic (KKT,FJ)
\calc@Acount=\count197
\calc@Bcount=\count198
\calc@Adimen=\dimen151
\calc@Bdimen=\dimen152
\calc@Askip=\skip55
\calc@Bskip=\skip56
LaTeX Info: Redefining \setlength on input line 80.
LaTeX Info: Redefining \addtolength on input line 81.
\calc@Ccount=\count199
\calc@Cskip=\skip57
) (/usr/share/texlive/texmf-dist/tex/latex/eso-pic/eso-pic.sty
Package: eso-pic 2018/04/12 v2.0h eso-pic (RN)
 (/usr/share/texlive/texmf-dist/tex/generic/atbegshi/atbegshi.sty
Package: atbegshi 2019/12/05 v1.19 At begin shipout hook (HO)
 (/usr/share/texlive/texmf-dist/tex/generic/infwarerr/infwarerr.sty
Package: infwarerr 2019/12/03 v1.5 Providing info/warning/error messages (HO)
) (/usr/share/texlive/texmf-dist/tex/generic/ltxcmds/ltxcmds.sty
Package: ltxcmds 2019/12/15 v1.24 LaTeX kernel commands for general use (HO)
) (/usr/share/texlive/texmf-dist/tex/generic/iftex/iftex.sty
Package: iftex 2019/11/07 v1.0c TeX engine tests
)) (/usr/share/texlive/texmf-dist/tex/latex/xcolor/xcolor.sty
Package: xcolor 2016/05/11 v2.12 LaTeX color extensions (UK)
 (/usr/share/texlive/texmf-dist/tex/latex/graphics-cfg/color.cfg
File: color.cfg 2016/01/02 v1.6 sample color configuration
)
Package xcolor Info: Driver file: pdftex.def on input line 225.
Package xcolor Info: Model `cmy' substituted by `cmy0' on input line 1348.
Package xcolor Info: Model `hsb' substituted by `rgb' on input line 1352.
Package xcolor Info: Model `RGB' extended on input line 1364.
Package xcolor Info: Model `HTML' substituted by `rgb' on input line 1366.
Package xcolor Info: Model `Hsb' substituted by `hsb' on input line 1367.
Package xcolor Info: Model `tHsb' substituted by `hsb' on input line 1368.
Package xcolor Info: Model `HSB' substituted by `hsb' on input line 1369.
Package xcolor Info: Model `Gray' substituted by `gray' on input line 1370.
Package xcolor Info: Model `wave' substituted by `hsb' on input line 1371.
))
\AM@pagewidth=\dimen153
\AM@pageheight=\dimen154
 (/usr/share/texlive/texmf-dist/tex/latex/pdfpages/pppdftex.def
File: pppdftex.def 2020/01/28 v0.5q Pdfpages driver for pdfTeX (AM)
)
\AM@pagebox=\box49
\AM@global@opts=\toks30
\AM@pagecnt=\count266
\AM@toc@title=\toks31
\c@AM@survey=\count267
\AM@templatesizebox=\box50
) (/usr/share/texlive/texmf-dist/tex/latex/listings/lstlang1.sty
File: lstlang1.sty 2019/09/10 1.8c listings language file
) (/usr/share/texlive/texmf-dist/tex/latex/l3backend/l3backend-pdfmode.def
File: l3backend-pdfmode.def 2020-02-03 L3 backend support: PDF mode
\l__kernel_color_stack_int=\count268
\l__pdf_internal_box=\box51
) (/home/zijie/Documents/2021Spring/513/Assignments/hw5/sol_hw5.aux)
\openout1 = `sol_hw5.aux'.

LaTeX Font Info:    Checking defaults for OML/cmm/m/it on input line 16.
LaTeX Font Info:    ... okay on input line 16.
LaTeX Font Info:    Checking defaults for OMS/cmsy/m/n on input line 16.
LaTeX Font Info:    ... okay on input line 16.
LaTeX Font Info:    Checking defaults for OT1/cmr/m/n on input line 16.
LaTeX Font Info:    ... okay on input line 16.
LaTeX Font Info:    Checking defaults for T1/cmr/m/n on input line 16.
LaTeX Font Info:    ... okay on input line 16.
LaTeX Font Info:    Checking defaults for TS1/cmr/m/n on input line 16.
LaTeX Font Info:    ... okay on input line 16.
LaTeX Font Info:    Checking defaults for OMX/cmex/m/n on input line 16.
LaTeX Font Info:    ... okay on input line 16.
LaTeX Font Info:    Checking defaults for U/cmr/m/n on input line 16.
LaTeX Font Info:    ... okay on input line 16.
 (/usr/share/texlive/texmf-dist/tex/context/base/mkii/supp-pdf.mkii
[Loading MPS to PDF converter (version 2006.09.02).]
\scratchcounter=\count269
\scratchdimen=\dimen155
\scratchbox=\box52
\nofMPsegments=\count270
\nofMParguments=\count271
\everyMPshowfont=\toks32
\MPscratchCnt=\count272
\MPscratchDim=\dimen156
\MPnumerator=\count273
\makeMPintoPDFobject=\count274
\everyMPtoPDFconversion=\toks33
) (/usr/share/texlive/texmf-dist/tex/latex/epstopdf-pkg/epstopdf-base.sty
Package: epstopdf-base 2020-01-24 v2.11 Base part for package epstopdf
Package epstopdf-base Info: Redefining graphics rule for `.eps' on input line 485.
 (/usr/share/texlive/texmf-dist/tex/latex/latexconfig/epstopdf-sys.cfg
File: epstopdf-sys.cfg 2010/07/13 v1.3 Configuration of (r)epstopdf for TeX Live
))
\c@lstlisting=\count275
\AtBeginShipoutBox=\box53
 (/usr/share/texlive/texmf-dist/tex/latex/pdflscape/pdflscape.sty
Package: pdflscape 2019/12/05 v0.12 Display of landscape pages in PDF (HO)
 (/usr/share/texlive/texmf-dist/tex/latex/graphics/lscape.sty
Package: lscape 2000/10/22 v3.01 Landscape Pages (DPC)
)
Package pdflscape Info: Auto-detected driver: pdftex on input line 81.
)
LaTeX Font Info:    Trying to load font information for U+msa on input line 17.
 (/usr/share/texlive/texmf-dist/tex/latex/amsfonts/umsa.fd
File: umsa.fd 2013/01/14 v3.01 AMS symbols A
)
LaTeX Font Info:    Trying to load font information for U+msb on input line 17.
 (/usr/share/texlive/texmf-dist/tex/latex/amsfonts/umsb.fd
File: umsb.fd 2013/01/14 v3.01 AMS symbols B
)
<Q1_sol.pdf, id=1, 597.50786pt x 845.04686pt>
File: Q1_sol.pdf Graphic file (type pdf)
<use Q1_sol.pdf>
Package pdftex.def Info: Q1_sol.pdf  used on input line 20.
(pdftex.def)             Requested size: 597.5064pt x 845.0448pt.
File: Q1_sol.pdf Graphic file (type pdf)
<use Q1_sol.pdf>
Package pdftex.def Info: Q1_sol.pdf  used on input line 20.
(pdftex.def)             Requested size: 597.5064pt x 845.0448pt.
<Q1_sol.pdf, id=4, page=1, 597.50786pt x 845.04686pt>
File: Q1_sol.pdf Graphic file (type pdf)
<use Q1_sol.pdf, page 1>
Package pdftex.def Info: Q1_sol.pdf , page1 used on input line 20.
(pdftex.def)             Requested size: 597.5064pt x 845.0448pt.
File: Q1_sol.pdf Graphic file (type pdf)
<use Q1_sol.pdf, page 1>
Package pdftex.def Info: Q1_sol.pdf , page1 used on input line 20.
(pdftex.def)             Requested size: 562.12244pt x 795.00179pt.
 [1

{/var/lib/texmf/fonts/map/pdftex/updmap/pdftex.map}]
File: Q1_sol.pdf Graphic file (type pdf)
<use Q1_sol.pdf, page 1>
Package pdftex.def Info: Q1_sol.pdf , page1 used on input line 20.
(pdftex.def)             Requested size: 562.12244pt x 795.00179pt.
File: Q1_sol.pdf Graphic file (type pdf)
<use Q1_sol.pdf, page 1>
Package pdftex.def Info: Q1_sol.pdf , page1 used on input line 20.
(pdftex.def)             Requested size: 562.12244pt x 795.00179pt.
File: Q1_sol.pdf Graphic file (type pdf)
<use Q1_sol.pdf, page 1>
Package pdftex.def Info: Q1_sol.pdf , page1 used on input line 20.
(pdftex.def)             Requested size: 562.12244pt x 795.00179pt.
 [2 </home/zijie/Documents/2021Spring/513/Assignments/hw5/Q1_sol.pdf>]
<Q1_sol.pdf, id=31, page=2, 597.50786pt x 845.04686pt>
File: Q1_sol.pdf Graphic file (type pdf)
<use Q1_sol.pdf, page 2>
Package pdftex.def Info: Q1_sol.pdf , page2 used on input line 20.
(pdftex.def)             Requested size: 562.12244pt x 795.00179pt.
File: Q1_sol.pdf Graphic file (type pdf)
<use Q1_sol.pdf, page 2>
Package pdftex.def Info: Q1_sol.pdf , page2 used on input line 20.
(pdftex.def)             Requested size: 562.12244pt x 795.00179pt.
File: Q1_sol.pdf Graphic file (type pdf)
<use Q1_sol.pdf, page 2>
Package pdftex.def Info: Q1_sol.pdf , page2 used on input line 20.
(pdftex.def)             Requested size: 562.12244pt x 795.00179pt.
 [3 </home/zijie/Documents/2021Spring/513/Assignments/hw5/Q1_sol.pdf>]
<Q1_sol.pdf, id=36, page=3, 597.50786pt x 845.04686pt>
File: Q1_sol.pdf Graphic file (type pdf)
<use Q1_sol.pdf, page 3>
Package pdftex.def Info: Q1_sol.pdf , page3 used on input line 20.
(pdftex.def)             Requested size: 562.12244pt x 795.00179pt.
File: Q1_sol.pdf Graphic file (type pdf)
<use Q1_sol.pdf, page 3>
Package pdftex.def Info: Q1_sol.pdf , page3 used on input line 20.
(pdftex.def)             Requested size: 562.12244pt x 795.00179pt.
File: Q1_sol.pdf Graphic file (type pdf)
<use Q1_sol.pdf, page 3>
Package pdftex.def Info: Q1_sol.pdf , page3 used on input line 20.
(pdftex.def)             Requested size: 562.12244pt x 795.00179pt.
 [4 </home/zijie/Documents/2021Spring/513/Assignments/hw5/Q1_sol.pdf>]
<Q1_sol.pdf, id=41, page=4, 597.50786pt x 845.04686pt>
File: Q1_sol.pdf Graphic file (type pdf)
<use Q1_sol.pdf, page 4>
Package pdftex.def Info: Q1_sol.pdf , page4 used on input line 20.
(pdftex.def)             Requested size: 562.12244pt x 795.00179pt.
File: Q1_sol.pdf Graphic file (type pdf)
<use Q1_sol.pdf, page 4>
Package pdftex.def Info: Q1_sol.pdf , page4 used on input line 20.
(pdftex.def)             Requested size: 562.12244pt x 795.00179pt.
File: Q1_sol.pdf Graphic file (type pdf)
<use Q1_sol.pdf, page 4>
Package pdftex.def Info: Q1_sol.pdf , page4 used on input line 20.
(pdftex.def)             Requested size: 562.12244pt x 795.00179pt.
 [5 </home/zijie/Documents/2021Spring/513/Assignments/hw5/Q1_sol.pdf>]
<fast_qr.png, id=46, 869.2475pt x 988.69376pt>
File: fast_qr.png Graphic file (type png)
<use fast_qr.png>
Package pdftex.def Info: fast_qr.png  used on input line 29.
(pdftex.def)             Requested size: 341.43306pt x 388.34981pt.

Overfull \hbox (21.43309pt too wide) in paragraph at lines 28--30
[] 
 []

<ex1.png, id=48, 638.385pt x 1163.34625pt>
File: ex1.png Graphic file (type png)
<use ex1.png>
Package pdftex.def Info: ex1.png  used on input line 31.
(pdftex.def)             Requested size: 170.71652pt x 311.08998pt.
<ex2.png, id=49, 633.36626pt x 1176.395pt>
File: ex2.png Graphic file (type png)
<use ex2.png>
Package pdftex.def Info: ex2.png  used on input line 32.
(pdftex.def)             Requested size: 170.71652pt x 317.07443pt.

Overfull \hbox (23.65529pt too wide) in paragraph at lines 30--33
[] [] 
 []

[6 </home/zijie/Documents/2021Spring/513/Assignments/hw5/fast_qr.png>] [7 </home/zijie/Documents/2021Spring/513/Assignments/hw5/ex1.png> </home/zijie/Documents/2021Spring/513/Assignments/hw5/ex2.png>] (/home/zijie/Documents/2021Spring/513/Assignments/hw5/sol_hw5.aux) ) 
Here is how much of TeX's memory you used:
 5902 strings out of 481239
 81646 string characters out of 5920378
 524211 words of memory out of 5000000
 21077 multiletter control sequences out of 15000+600000
 539586 words of font info for 53 fonts, out of 8000000 for 9000
 1141 hyphenation exceptions out of 8191
 40i,18n,46p,315b,442s stack positions out of 5000i,500n,10000p,200000b,80000s
</usr/share/texlive/texmf-dist/fonts/type1/public/amsfonts/cm/cmbx12.pfb></usr/share/texlive/texmf-dist/fonts/type1/public/amsfonts/cm/cmmi10.pfb></usr/share/texlive/texmf-dist/fonts/type1/public/amsfonts/cm/cmr10.pfb></usr/share/texlive/texmf-dist/fonts/type1/public/amsfonts/cm/cmr12.pfb></usr/share/texlive/texmf-dist/fonts/type1/public/amsfonts/cm/cmr17.pfb></usr/share/texlive/texmf-dist/fonts/type1/public/amsfonts/cm/cmr7.pfb></usr/share/texlive/texmf-dist/fonts/type1/public/amsfonts/cm/cmsy10.pfb></usr/share/texlive/texmf-dist/fonts/type1/public/amsfonts/cm/cmsy7.pfb>
Output written on /home/zijie/Documents/2021Spring/513/Assignments/hw5/sol_hw5.pdf (7 pages, 239665 bytes).
PDF statistics:
 91 PDF objects out of 1000 (max. 8388607)
 56 compressed objects within 1 object stream
 0 named destinations out of 1000 (max. 500000)
 51 words of extra memory for PDF output out of 10000 (max. 10000000)

